<?xml version="1.0" encoding="UTF-8"?>
<!-- Generated by org.testng.reporters.JUnitReportReporter -->
<testsuite skipped="0" hostname="DESKTOP-K3PDT7N" name="testsuite.ExecuteTests" tests="1" failures="0" timestamp="2021-05-29T12:10:51 EDT" time="19.240" errors="0">
  <testcase name="executeTestCases" time="19.240" classname="testsuite.ExecuteTests"/>
  <system-out/>
</testsuite> <!-- testsuite.ExecuteTests -->
