<?xml version="1.0" encoding="UTF-8"?>
<!-- Generated by org.testng.reporters.JUnitReportReporter -->
<testsuite skipped="0" hostname="LP000459" name="testsuite.ExecuteTests" tests="1" failures="0" timestamp="2021-05-24T18:20:35 IST" time="11.227" errors="0">
  <testcase name="executeTestCases" time="11.227" classname="testsuite.ExecuteTests"/>
  <system-out/>
</testsuite> <!-- testsuite.ExecuteTests -->
