<?xml version="1.0" encoding="UTF-8"?>
<!-- Generated by org.testng.reporters.JUnitReportReporter -->
<testsuite skipped="0" hostname="DESKTOP-K3PDT7N" name="operations.ReadXLData" tests="1" failures="0" timestamp="2021-05-16T12:14:07 EDT" time="0.531" errors="0">
  <testcase name="Test" time="0.531" classname="operations.ReadXLData"/>
  <system-out/>
</testsuite> <!-- operations.ReadXLData -->
